https://www.learncbse.in/ncert-solutions-for-class-5-english/
https://www.freencertsolutions.com/ncert-solutions-for-class-5-english/
https://byjus.com/ncert-solutions-class-5-english/
https://mycbseguide.com/blog/ncert-solutions-for-class-5-english/
https://schools.aglasem.com/ncert/ncert-solutions-class-5-english/
https://www.jagranjosh.com/articles/ncert-book-for-class-5-english-marigold-pdf-download-1622033774-1
https://www.vedantu.com/ncert-solutions/ncert-solutions-class-5-english-marigold
https://www.embibe.com/exams/ncert-books-for-class-5-english/
https://www.amazon.in/CBSE-Class-5-English-School-Books/s?rh=n:4149808031,p_n_feature_seventeen_browse-bin:4149844031,p_n_feature_sixteen_browse-bin:4149853031
https://www.tiwariacademy.com/ncert-solutions/class-5/english/grammar/
https://www.learncbse.in/cbse-notes-class-5-english/
https://www.ncertbooks.guru/ncert-class-5-english-book/
https://www.embibe.com/exams/cbse-class-5-english-syllabus/
https://educationwithfun.com/course/view.php?id=27
https://www.learncbse.in/ncert-solutions-class-5-english-unit-1/
https://gdz-online.com/5-klass/anglijskij-jazyk/
https://www.toppr.com/ask/content/cbse/class-5/english/
https://resh.edu.ru/subject/11/5/
https://angl-gdz.ru/гдз-учебник-spotlight-5/
https://www.learncbse.in/ncert-solutions-for-class-5-hindi/
https://www.freencertsolutions.com/ncert-solutions-for-class-5-hindi/
https://mycbseguide.com/blog/ncert-solutions-for-class-5-hindi/
https://schools.aglasem.com/ncert/ncert-solutions-class-5-hindi/
https://www.tiwariacademy.com/ncert-books/class-5/
https://www.tiwariacademy.com/ncert-solutions/class-5/hindi/
http://ncert-books.in/ncert-solutions-books-for-class-5-hindi-chapters/
https://www.jagranjosh.com/articles/ncert-book-for-class-5-hindi-pdf-download-1559908553-1
https://ncert.nic.in/textbook.php?ehhn1=0-18
https://www.vedantu.com/ncert-books/ncert-books-class-5-hindi
https://www.embibe.com/exams/ncert-books-for-class-5-hindi/
https://rstudytutorial.com/cbse-ncert/class-5-cbse/hindi-class-5/
https://www.tiwariacademy.com/ncert-solutions/class-5/hindi/grammar/
https://www.studiestoday.com/worksheets/585/hindi.html
https://cbsencertsolutions.com/class-5-hindi-worksheets/
https://www.youtube.com/playlist?list=PLqf3auwQWuTXbB-lB6WuhYPp_sFqs93Um
https://www.pdfdrive.com/ncert-hindi-class-5-hindi-e26940380.html
https://educationwithfun.com/course/view.php?id=28
https://www.takshilalearning.com/course/class-5-hindi-online-classes/
https://www.embibe.com/exams/cbse-class-5-hindi-syllabus/
https://www.ncertbooks.guru/ncert-solutions-class-5-hindi/
https://mauryamotivation.com/class-5-moral-stories-hindi/
https://vimeo.com/538561585
https://edurev.in/courses/4052_Hindi-for-Class-5--V--CBSE-and-NCERT-Curriculum
https://www.hindikunj.com/2020/06/jahan-chah-wahan-raah-class-5.html
https://unacademy.com/lesson/class-5-in-hindi/P0MQZJ2A
https://www.upboardsolutions.com/class-5-hindi/
https://www.selfstudys.com/books/ncert-solution/english/5th/class-5-rimjhim/885
https://www.ribblu.com/class-5-hindi
https://ncertbooks.solutions/ncert-books-class-5/hindi/
https://www.kopykitab.com/Class-5-Hindi
https://school.edufever.com/cbse/cbse-class-5-hindi-worksheets/
https://byjus.com/cbse-class-5-hindi-syllabus/
https://www.hindigyansagar.com/class-5-hindi-solution-for-chapter-3/
https://aavomi.com/hindi-moral-stories-for-class-5/
https://schools.aglasem.com/ncert/ncert-books-class-5-hindi/
https://www.rbsesolutions.com/class-5-hindi/
https://freehomedelivery.net/ncert-book-class-5-hindi/
https://www.liveworksheets.com/nv1215473iy
