{
	"Title": "NCERT Solutions for Class 7 Social Science - Learn CBSE",
	"URL": "https://www.learncbse.in/ncert-solutions-for-class-7-social-sciences"
},
{
	"Title": "NCERT Solutions for Class 7 Social Science Updated for ... - BYJUS",
	"URL": "https://byjus.com/ncert-solutions-class-7-social-science"
},
{
	"Title": "NCERT Solutions Class 7 Social Science Free PDFs - Vedantu",
	"URL": "https://www.vedantu.com/ncert-solutions/ncert-solutions-class-7-social-science"
},
{
	"Title": "NCERT Book for Class 7 Social Science 2021-22| Download ...",
	"URL": "https://www.jagranjosh.com/articles/class-7-social-science-ncert-book-1592832502-1"
},
{
	"Title": "NCERT Solutions for Class 7 Social Science: History, Civics ... - Tiwari Academy",
	"URL": "https://www.tiwariacademy.com/ncert-solutions/class-7/social-science"
},
{
	"Title": "NCERT Solutions for Class 7 Social Science - Meritnation",
	"URL": "https://www.meritnation.com/cbse-class-7/social-science/ncert-solutions/9_8"
},
{
	"Title": "NCERT Solutions for Class 7 Social Science, Free NCERT ...",
	"URL": "https://www.freencertsolutions.com/ncert-solutions-for-class-7-social-science"
},
{
	"Title": "NCERT Revised Books for Class 7 Social Science 2021 ...",
	"URL": "https://www.embibe.com/exams/ncert-books-for-class-7-social-science"
},
{
	"Title": "NCERT Solutions for Class 7 Social Science - History, Civics ...",
	"URL": "https://schools.aglasem.com/ncert/ncert-solutions-class-7-social-science"
},
{
	"Title": "NCERT Social Science Book Class 7 Download PDF - BYJUS",
	"URL": "https://byjus.com/ncert-books-class-7-social-science"
},
{
	"Title": "NCERT Books for Class 7 Social Science PDF Download [Updated …",
	"URL": "https://www.ncertbooks.guru/ncert-books-for-class-7-social-science"
},
{
	"Title": "CBSE Notes Class 7 Social Science - Access for Free! - BYJUS",
	"URL": "https://byjus.com/cbse-notes/class-7-social-science-notes"
},
{
	"Title": "Class 7 Social Science – Tiwari Academy Discussion - Tiwari Academy",
	"URL": "https://www.tiwariacademy.com/discussion/question-category/class-7-social-science"
},
{
	"Title": "MCQ Questions for Class 7 Social Science with Answers PDF …",
	"URL": "https://www.learninsta.com/mcq-questions-for-class-7-social-science-with-answers"
},
{
	"Title": "CBSE Syllabus for Class 7 Social Science for Academic Year ... - BYJUS",
	"URL": "https://byjus.com/cbse-class-7-social-science-syllabus"
},
{
	"Title": "NCERT Solutions for Class 7 Social Science (2021-2022 ...",
	"URL": "https://www.jagranjosh.com/articles/ncert-solutions-for-class-7-social-science-in-pdf-1593791368-1"
},
{
	"Title": "Extra Questions for Class 7 Social Science with Answers ...",
	"URL": "https://www.thestudypath.com/class-7/extra-questions/social-science"
},
{
	"Title": "KSEEB Solutions for Class 7 Social Science Karnataka State ...",
	"URL": "https://www.kseebsolutions.com/kseeb-solutions-class-7-social-science"
},
{
	"Title": "Class 7 Social Science Assignments Download Pdf with Solutions",
	"URL": "https://cbsencertsolutions.com/class-7-social-science-assignments"
},
{
	"Title": "NCERT Books for Class 7 Geography (Social Science - Our ...",
	"URL": "https://www.jagranjosh.com/articles/ncert-book-for-class-7-social-science-geography-our-environment-all-chapters-1593001099-1"
},
{
	"Title": "NCERT ebook pdf For Class 7 Social Science - Our ...",
	"URL": "https://www.saralstudy.com/ncert-ebook-pdf-for-class-7-social-science-our-environment-geography"
},
{
	"Title": "NCERT Book for Class 7 History (Social Science) 2021-22: PDF",
	"URL": "https://www.jagranjosh.com/articles/ncert-book-for-class-7-history-social-science-pdf-all-chapters-1592564985-1"
},
{
	"Title": "NCERT Solutions For Class 7 Civics Social Science Chapter ...",
	"URL": "https://byjus.com/ncert-solutions-class-7-social-science-civics-chapter-3-how-the-state-government-works"
},
{
	"Title": "Rocks and Minerals -Inside Our Earth - Class 7 Social ...",
	"URL": "https://www.takshilalearning.com/rocks-and-minerals-inside-our-earth-class-7-social-science"
},
{
	"Title": "CBSE Class 7 Social Science Syllabus 2021-22: Check Here ...",
	"URL": "https://www.embibe.com/exams/cbse-syllabus-for-class-7-social-science"
},
{
	"Title": "CBSE Class 7 Social Science Notes - Learn Insta",
	"URL": "https://www.learninsta.com/class-7-social-science-notes"
},
{
	"Title": "Kerala SCERT Class 7 Social Science Question Answer",
	"URL": "https://www.netexplanations.com/kerala-scert-class-7-social-science-question-answer"
},
{
	"Title": "RBSE Solutions for Class 7 Social Science सामाजिक विज्ञान",
	"URL": "https://www.rbsesolutions.com/class-7-social-science"
},
{
	"Title": "NCERT Books for Class 7 Social Science - Civics: 2021-22",
	"URL": "https://www.jagranjosh.com/articles/ncert-book-for-class-7-social-science-civics-social-and-political-life-ii-all-chapters-1592304037-1"
},
{
	"Title": "Worksheets for Class 7 Social Science - StudiesToday",
	"URL": "https://www.studiestoday.com/worksheets/322/social-science.html"
},
{
	"Title": "Gujarat State Board Class 7 Social Science Ch 3 Government ...",
	"URL": "https://www.netexplanations.com/gujarat-state-board-class-7-social-science-ch-3-government-solution"
}